TN:
SF:src/modules/appointments/services/CreateAppointmentService.ts
FN:53,__decorate
FN:53,__metadata
FN:53,__param
FN:53,__awaiter
FN:53,adopt
FN:53,fulfilled
FN:53,rejected
FN:53,step
FN:53,__generator
FN:53,sent
FN:53,g.<computed>
FN:53,verb
FN:53,step
FN:53,__importDefault
FN:20,CreateAppointmentService
FN:26,CreateAppointmentService.execute
FNF:16
FNH:14
FNDA:1,__decorate
FNDA:1,__metadata
FNDA:1,__param
FNDA:3,__awaiter
FNDA:5,adopt
FNDA:5,fulfilled
FNDA:0,rejected
FNDA:7,step
FNDA:3,__generator
FNDA:5,sent
FNDA:0,g.<computed>
FNDA:9,verb
FNDA:8,step
FNDA:1,__importDefault
FNDA:3,CreateAppointmentService
FNDA:3,CreateAppointmentService.execute
DA:1,1
DA:2,1
DA:3,1
DA:4,1
DA:5,1
DA:6,1
DA:7,1
DA:8,1
DA:9,1
DA:10,1
DA:11,1
DA:12,1
DA:13,1
DA:14,1
DA:15,1
DA:16,1
DA:17,1
DA:18,1
DA:19,1
DA:20,1
DA:21,3
DA:22,3
DA:23,3
DA:24,1
DA:25,1
DA:26,1
DA:27,3
DA:28,3
DA:29,3
DA:30,3
DA:31,3
DA:32,3
DA:33,3
DA:34,3
DA:35,3
DA:36,1
DA:37,1
DA:38,2
DA:39,2
DA:40,2
DA:41,2
DA:42,2
DA:43,2
DA:44,2
DA:45,2
DA:46,2
DA:47,2
DA:48,3
DA:49,3
DA:50,3
DA:51,1
DA:52,1
DA:53,1
LF:53
LH:53
BRDA:53,0,0,1
BRDA:53,1,0,1
BRDA:53,2,0,0
BRDA:53,3,0,0
BRDA:53,4,0,0
BRDA:53,5,0,0
BRDA:53,6,0,1
BRDA:53,7,0,1
BRDA:53,8,0,1
BRDA:53,9,0,3
BRDA:53,10,0,5
BRDA:53,11,0,0
BRDA:53,12,0,3
BRDA:53,13,0,5
BRDA:53,14,0,4
BRDA:53,15,0,1
BRDA:53,16,0,7
BRDA:53,17,0,2
BRDA:53,18,0,5
BRDA:53,19,0,3
BRDA:53,20,0,5
BRDA:53,21,0,0
BRDA:53,22,0,9
BRDA:53,23,0,8
BRDA:53,24,0,8
BRDA:53,25,0,0
BRDA:53,26,0,16
BRDA:53,27,0,0
BRDA:53,28,0,0
BRDA:53,29,0,0
BRDA:53,30,0,0
BRDA:53,31,0,8
BRDA:53,32,0,8
BRDA:53,33,0,5
BRDA:53,34,0,0
BRDA:53,35,0,0
BRDA:53,36,0,3
BRDA:53,37,0,0
BRDA:53,38,0,2
BRDA:53,39,0,0
BRDA:53,40,0,0
BRDA:53,41,0,0
BRDA:53,42,0,0
BRDA:53,43,0,8
BRDA:53,44,0,7
BRDA:53,45,0,1
BRDA:53,46,0,8
BRDA:53,47,0,3
BRDA:53,48,0,1
BRDA:53,49,0,2
BRDA:53,50,0,0
BRDA:53,51,0,1
BRDA:53,52,0,0
BRDA:19,53,0,1
BRDA:20,54,0,3
BRDA:26,55,0,3
BRDA:53,56,0,3
BRDA:53,57,0,8
BRDA:53,58,0,3
BRDA:53,59,0,3
BRDA:35,60,0,1
BRDA:37,61,0,2
BRDA:53,62,0,2
BRF:63
BRH:43
end_of_record
TN:
SF:src/modules/users/services/AuthenticateUserService.ts
FN:80,__decorate
FN:80,__metadata
FN:80,__param
FN:80,__awaiter
FN:80,adopt
FN:80,fulfilled
FN:80,rejected
FN:80,step
FN:80,__generator
FN:80,sent
FN:80,g.<computed>
FN:80,verb
FN:80,step
FN:80,__importDefault
FN:34,AuthenticateUserService
FN:42,AuthenticateUserService.execute
FNF:16
FNH:14
FNDA:1,__decorate
FNDA:1,__metadata
FNDA:2,__param
FNDA:3,__awaiter
FNDA:5,adopt
FNDA:5,fulfilled
FNDA:0,rejected
FNDA:6,step
FNDA:3,__generator
FNDA:5,sent
FNDA:0,g.<computed>
FNDA:9,verb
FNDA:8,step
FNDA:2,__importDefault
FNDA:3,AuthenticateUserService
FNDA:3,AuthenticateUserService.execute
DA:1,1
DA:2,1
DA:3,1
DA:4,1
DA:5,1
DA:6,1
DA:7,1
DA:8,1
DA:9,1
DA:10,1
DA:11,1
DA:12,1
DA:13,1
DA:14,1
DA:15,1
DA:16,1
DA:17,1
DA:18,1
DA:19,1
DA:20,1
DA:21,1
DA:22,1
DA:23,1
DA:24,1
DA:25,1
DA:26,1
DA:27,1
DA:28,1
DA:29,1
DA:30,1
DA:31,1
DA:32,1
DA:33,1
DA:34,1
DA:35,3
DA:36,3
DA:37,3
DA:38,3
DA:39,3
DA:40,3
DA:41,1
DA:42,1
DA:43,3
DA:44,3
DA:45,3
DA:46,3
DA:47,3
DA:48,3
DA:49,1
DA:50,1
DA:51,2
DA:52,2
DA:53,2
DA:54,3
DA:55,3
DA:56,1
DA:57,1
DA:58,1
DA:59,1
DA:60,1
DA:61,1
DA:62,1
DA:63,1
DA:64,1
DA:65,1
DA:66,1
DA:67,1
DA:68,1
DA:69,1
DA:70,1
DA:71,1
DA:72,1
DA:73,1
DA:74,1
DA:75,1
DA:76,1
DA:77,3
DA:78,1
DA:79,1
DA:80,1
LF:80
LH:80
BRDA:80,0,0,1
BRDA:80,1,0,1
BRDA:80,2,0,0
BRDA:80,3,0,0
BRDA:80,4,0,0
BRDA:80,5,0,0
BRDA:80,6,0,1
BRDA:80,7,0,2
BRDA:80,8,0,2
BRDA:80,9,0,3
BRDA:80,10,0,5
BRDA:80,11,0,0
BRDA:80,12,0,3
BRDA:80,13,0,5
BRDA:80,14,0,3
BRDA:80,15,0,2
BRDA:80,16,0,6
BRDA:80,17,0,1
BRDA:80,18,0,5
BRDA:80,19,0,3
BRDA:80,20,0,5
BRDA:80,21,0,0
BRDA:80,22,0,9
BRDA:80,23,0,8
BRDA:80,24,0,8
BRDA:80,25,0,0
BRDA:80,26,0,16
BRDA:80,27,0,0
BRDA:80,28,0,0
BRDA:80,29,0,0
BRDA:80,30,0,0
BRDA:80,31,0,8
BRDA:80,32,0,8
BRDA:80,33,0,5
BRDA:80,34,0,0
BRDA:80,35,0,0
BRDA:80,36,0,3
BRDA:80,37,0,0
BRDA:80,38,0,1
BRDA:80,39,0,0
BRDA:80,40,0,0
BRDA:80,41,0,0
BRDA:80,42,0,0
BRDA:80,43,0,8
BRDA:80,44,0,6
BRDA:80,45,0,2
BRDA:80,46,0,8
BRDA:80,47,0,3
BRDA:80,48,0,2
BRDA:80,49,0,1
BRDA:80,50,0,0
BRDA:80,51,0,2
BRDA:80,52,0,0
BRDA:33,53,0,1
BRDA:34,54,0,3
BRDA:42,55,0,3
BRDA:80,56,0,3
BRDA:80,57,0,8
BRDA:44,58,0,3
BRDA:80,59,0,3
BRDA:48,60,0,1
BRDA:50,61,0,2
BRDA:80,62,0,2
BRDA:55,63,0,1
BRF:64
BRH:44
end_of_record
TN:
SF:src/modules/users/services/CreateUserService.ts
FN:55,__decorate
FN:55,__metadata
FN:55,__param
FN:55,__awaiter
FN:55,adopt
FN:55,fulfilled
FN:55,rejected
FN:55,step
FN:55,__generator
FN:55,sent
FN:55,g.<computed>
FN:55,verb
FN:55,step
FN:55,__importDefault
FN:22,CreateUserService
FN:31,CreateUserService.execute
FNF:16
FNH:14
FNDA:2,__decorate
FNDA:2,__metadata
FNDA:4,__param
FNDA:5,__awaiter
FNDA:13,adopt
FNDA:13,fulfilled
FNDA:0,rejected
FNDA:17,step
FNDA:5,__generator
FNDA:13,sent
FNDA:0,g.<computed>
FNDA:15,verb
FNDA:18,step
FNDA:2,__importDefault
FNDA:5,CreateUserService
FNDA:5,CreateUserService.execute
DA:1,1
DA:2,1
DA:3,1
DA:4,1
DA:5,1
DA:6,1
DA:7,1
DA:8,1
DA:9,1
DA:10,1
DA:11,1
DA:12,1
DA:13,1
DA:14,1
DA:15,1
DA:16,1
DA:17,1
DA:18,1
DA:19,1
DA:20,1
DA:21,2
DA:22,2
DA:23,5
DA:24,5
DA:25,5
DA:26,5
DA:27,5
DA:28,5
DA:29,2
DA:30,2
DA:31,2
DA:32,5
DA:33,5
DA:34,5
DA:35,5
DA:36,5
DA:37,5
DA:38,1
DA:39,1
DA:40,4
DA:41,4
DA:42,4
DA:43,5
DA:44,5
DA:45,5
DA:46,5
DA:47,5
DA:48,5
DA:49,5
DA:50,5
DA:51,5
DA:52,5
DA:53,2
DA:54,1
DA:55,1
LF:55
LH:55
BRDA:55,0,0,2
BRDA:55,1,0,2
BRDA:55,2,0,0
BRDA:55,3,0,0
BRDA:55,4,0,0
BRDA:55,5,0,0
BRDA:55,6,0,2
BRDA:55,7,0,4
BRDA:55,8,0,4
BRDA:55,9,0,5
BRDA:55,10,0,13
BRDA:55,11,0,0
BRDA:55,12,0,5
BRDA:55,13,0,13
BRDA:55,14,0,12
BRDA:55,15,0,1
BRDA:55,16,0,17
BRDA:55,17,0,4
BRDA:55,18,0,13
BRDA:55,19,0,5
BRDA:55,20,0,13
BRDA:55,21,0,0
BRDA:55,22,0,15
BRDA:55,23,0,18
BRDA:55,24,0,18
BRDA:55,25,0,0
BRDA:55,26,0,36
BRDA:55,27,0,0
BRDA:55,28,0,0
BRDA:55,29,0,0
BRDA:55,30,0,0
BRDA:55,31,0,18
BRDA:55,32,0,18
BRDA:55,33,0,13
BRDA:55,34,0,0
BRDA:55,35,0,0
BRDA:55,36,0,5
BRDA:55,37,0,0
BRDA:55,38,0,4
BRDA:55,39,0,0
BRDA:55,40,0,0
BRDA:55,41,0,0
BRDA:55,42,0,0
BRDA:55,43,0,28
BRDA:55,44,0,18
BRDA:55,45,0,17
BRDA:55,46,0,1
BRDA:55,47,0,18
BRDA:55,48,0,5
BRDA:55,49,0,1
BRDA:55,50,0,4
BRDA:55,51,0,0
BRDA:55,52,0,2
BRDA:55,53,0,0
BRDA:21,54,0,2
BRDA:22,55,0,5
BRDA:31,56,0,5
BRDA:55,57,0,5
BRDA:55,58,0,18
BRDA:35,59,0,5
BRDA:55,60,0,5
BRDA:37,61,0,1
BRDA:39,62,0,4
BRDA:55,63,0,4
BRDA:55,64,0,4
BRF:65
BRH:45
end_of_record
TN:
SF:src/modules/users/services/ResetPasswordService.ts
FN:77,__decorate
FN:77,__metadata
FN:77,__param
FN:77,__awaiter
FN:77,adopt
FN:77,fulfilled
FN:77,rejected
FN:77,step
FN:77,__generator
FN:77,sent
FN:77,g.<computed>
FN:77,verb
FN:77,step
FN:77,__importDefault
FN:26,ResetPasswordService
FN:42,ResetPasswordService.execute
FNF:16
FNH:14
FNDA:1,__decorate
FNDA:1,__metadata
FNDA:3,__param
FNDA:4,__awaiter
FNDA:9,adopt
FNDA:9,fulfilled
FNDA:0,rejected
FNDA:10,step
FNDA:4,__generator
FNDA:9,sent
FNDA:0,g.<computed>
FNDA:12,verb
FNDA:13,step
FNDA:1,__importDefault
FNDA:4,ResetPasswordService
FNDA:4,ResetPasswordService.execute
DA:1,1
DA:2,1
DA:3,1
DA:4,1
DA:5,1
DA:6,1
DA:7,1
DA:8,1
DA:9,1
DA:10,1
DA:11,1
DA:12,1
DA:13,1
DA:14,1
DA:15,1
DA:16,1
DA:17,1
DA:18,1
DA:19,1
DA:20,1
DA:21,1
DA:22,1
DA:23,1
DA:24,1
DA:25,1
DA:26,1
DA:27,4
DA:28,4
DA:29,4
DA:30,4
DA:31,4
DA:32,4
DA:33,4
DA:34,4
DA:35,4
DA:36,1
DA:37,1
DA:38,1
DA:39,1
DA:40,1
DA:41,1
DA:42,1
DA:43,4
DA:44,4
DA:45,4
DA:46,1
DA:47,1
DA:48,3
DA:49,3
DA:50,4
DA:51,4
DA:52,1
DA:53,1
DA:54,2
DA:55,2
DA:56,2
DA:57,2
DA:58,2
DA:59,2
DA:60,2
DA:61,2
DA:62,2
DA:63,2
DA:64,2
DA:65,2
DA:66,2
DA:67,4
DA:68,1
DA:69,1
DA:70,1
DA:71,1
DA:72,4
DA:73,4
DA:74,4
DA:75,1
DA:76,1
DA:77,1
LF:77
LH:77
BRDA:77,0,0,1
BRDA:77,1,0,1
BRDA:77,2,0,0
BRDA:77,3,0,0
BRDA:77,4,0,0
BRDA:77,5,0,0
BRDA:77,6,0,1
BRDA:77,7,0,3
BRDA:77,8,0,3
BRDA:77,9,0,4
BRDA:77,10,0,9
BRDA:77,11,0,0
BRDA:77,12,0,4
BRDA:77,13,0,9
BRDA:77,14,0,6
BRDA:77,15,0,3
BRDA:77,16,0,10
BRDA:77,17,0,1
BRDA:77,18,0,9
BRDA:77,19,0,4
BRDA:77,20,0,9
BRDA:77,21,0,0
BRDA:77,22,0,12
BRDA:77,23,0,13
BRDA:77,24,0,13
BRDA:77,25,0,0
BRDA:77,26,0,26
BRDA:77,27,0,0
BRDA:77,28,0,0
BRDA:77,29,0,0
BRDA:77,30,0,0
BRDA:77,31,0,13
BRDA:77,32,0,13
BRDA:77,33,0,9
BRDA:77,34,0,0
BRDA:77,35,0,0
BRDA:77,36,0,4
BRDA:77,37,0,0
BRDA:77,38,0,1
BRDA:77,39,0,0
BRDA:77,40,0,0
BRDA:77,41,0,0
BRDA:77,42,0,0
BRDA:77,43,0,13
BRDA:77,44,0,10
BRDA:77,45,0,3
BRDA:77,46,0,13
BRDA:77,47,0,4
BRDA:77,48,0,3
BRDA:77,49,0,1
BRDA:77,50,0,0
BRDA:77,51,0,1
BRDA:77,52,0,0
BRDA:25,53,0,1
BRDA:26,54,0,4
BRDA:42,55,0,4
BRDA:77,56,0,4
BRDA:77,57,0,13
BRDA:43,58,0,4
BRDA:77,59,0,4
BRDA:45,60,0,1
BRDA:47,61,0,3
BRDA:77,62,0,3
BRDA:51,63,0,1
BRDA:53,64,0,2
BRDA:67,65,0,1
BRDA:77,66,0,1
BRDA:77,67,0,1
BRF:68
BRH:48
end_of_record
TN:
SF:src/modules/users/services/SendForgotPasswordEmailService.ts
FN:67,__decorate
FN:67,__metadata
FN:67,__param
FN:67,__awaiter
FN:67,adopt
FN:67,fulfilled
FN:67,rejected
FN:67,step
FN:67,__generator
FN:67,sent
FN:67,g.<computed>
FN:67,verb
FN:67,step
FN:67,__importDefault
FN:22,SendForgotPasswordEmailService
FN:33,SendForgotPasswordEmailService.execute
FNF:16
FNH:14
FNDA:1,__decorate
FNDA:1,__metadata
FNDA:3,__param
FNDA:3,__awaiter
FNDA:7,adopt
FNDA:7,fulfilled
FNDA:0,rejected
FNDA:9,step
FNDA:3,__generator
FNDA:7,sent
FNDA:0,g.<computed>
FNDA:9,verb
FNDA:10,step
FNDA:2,__importDefault
FNDA:3,SendForgotPasswordEmailService
FNDA:3,SendForgotPasswordEmailService.execute
DA:1,1
DA:2,1
DA:3,1
DA:4,1
DA:5,1
DA:6,1
DA:7,1
DA:8,1
DA:9,1
DA:10,1
DA:11,1
DA:12,1
DA:13,1
DA:14,1
DA:15,1
DA:16,1
DA:17,1
DA:18,1
DA:19,1
DA:20,1
DA:21,1
DA:22,1
DA:23,3
DA:24,3
DA:25,3
DA:26,3
DA:27,3
DA:28,3
DA:29,3
DA:30,3
DA:31,3
DA:32,1
DA:33,1
DA:34,3
DA:35,3
DA:36,3
DA:37,3
DA:38,1
DA:39,1
DA:40,2
DA:41,2
DA:42,3
DA:43,3
DA:44,3
DA:45,3
DA:46,3
DA:47,3
DA:48,3
DA:49,3
DA:50,3
DA:51,3
DA:52,3
DA:53,3
DA:54,3
DA:55,3
DA:56,3
DA:57,3
DA:58,3
DA:59,3
DA:60,3
DA:61,3
DA:62,3
DA:63,3
DA:64,3
DA:65,1
DA:66,1
DA:67,1
LF:67
LH:67
BRDA:67,0,0,1
BRDA:67,1,0,1
BRDA:67,2,0,0
BRDA:67,3,0,0
BRDA:67,4,0,0
BRDA:67,5,0,0
BRDA:67,6,0,1
BRDA:67,7,0,3
BRDA:67,8,0,3
BRDA:67,9,0,3
BRDA:67,10,0,7
BRDA:67,11,0,0
BRDA:67,12,0,3
BRDA:67,13,0,7
BRDA:67,14,0,6
BRDA:67,15,0,1
BRDA:67,16,0,9
BRDA:67,17,0,2
BRDA:67,18,0,7
BRDA:67,19,0,3
BRDA:67,20,0,7
BRDA:67,21,0,0
BRDA:67,22,0,9
BRDA:67,23,0,10
BRDA:67,24,0,10
BRDA:67,25,0,0
BRDA:67,26,0,20
BRDA:67,27,0,0
BRDA:67,28,0,0
BRDA:67,29,0,0
BRDA:67,30,0,0
BRDA:67,31,0,10
BRDA:67,32,0,10
BRDA:67,33,0,7
BRDA:67,34,0,0
BRDA:67,35,0,0
BRDA:67,36,0,3
BRDA:67,37,0,0
BRDA:67,38,0,2
BRDA:67,39,0,0
BRDA:67,40,0,0
BRDA:67,41,0,0
BRDA:67,42,0,0
BRDA:67,43,0,10
BRDA:67,44,0,9
BRDA:67,45,0,1
BRDA:67,46,0,10
BRDA:67,47,0,3
BRDA:67,48,0,1
BRDA:67,49,0,2
BRDA:67,50,0,0
BRDA:67,51,0,2
BRDA:67,52,0,1
BRDA:67,53,0,1
BRDA:21,54,0,1
BRDA:22,55,0,3
BRDA:33,56,0,3
BRDA:67,57,0,3
BRDA:67,58,0,10
BRDA:35,59,0,3
BRDA:67,60,0,3
BRDA:37,61,0,1
BRDA:39,62,0,2
BRDA:67,63,0,2
BRDA:67,64,0,2
BRF:65
BRH:46
end_of_record
TN:
SF:src/modules/users/services/UpdateUserAvatarService.ts
FN:62,__decorate
FN:62,__metadata
FN:62,__param
FN:62,__awaiter
FN:62,adopt
FN:62,fulfilled
FN:62,rejected
FN:62,step
FN:62,__generator
FN:62,sent
FN:62,g.<computed>
FN:62,verb
FN:62,step
FN:62,__importDefault
FN:30,UpdateUserAvatarService
FN:38,UpdateUserAvatarService.execute
FNF:16
FNH:14
FNDA:1,__decorate
FNDA:1,__metadata
FNDA:2,__param
FNDA:4,__awaiter
FNDA:11,adopt
FNDA:11,fulfilled
FNDA:0,rejected
FNDA:14,step
FNDA:4,__generator
FNDA:11,sent
FNDA:0,g.<computed>
FNDA:12,verb
FNDA:15,step
FNDA:1,__importDefault
FNDA:3,UpdateUserAvatarService
FNDA:4,UpdateUserAvatarService.execute
DA:1,1
DA:2,1
DA:3,1
DA:4,1
DA:5,1
DA:6,1
DA:7,1
DA:8,1
DA:9,1
DA:10,1
DA:11,1
DA:12,1
DA:13,1
DA:14,1
DA:15,1
DA:16,1
DA:17,1
DA:18,1
DA:19,1
DA:20,1
DA:21,1
DA:22,1
DA:23,1
DA:24,1
DA:25,1
DA:26,1
DA:27,1
DA:28,1
DA:29,1
DA:30,1
DA:31,3
DA:32,3
DA:33,3
DA:34,3
DA:35,3
DA:36,3
DA:37,1
DA:38,1
DA:39,4
DA:40,4
DA:41,4
DA:42,4
DA:43,4
DA:44,1
DA:45,1
DA:46,3
DA:47,3
DA:48,3
DA:49,1
DA:50,4
DA:51,4
DA:52,4
DA:53,4
DA:54,4
DA:55,4
DA:56,4
DA:57,4
DA:58,4
DA:59,4
DA:60,1
DA:61,1
DA:62,1
LF:62
LH:62
BRDA:62,0,0,1
BRDA:62,1,0,1
BRDA:62,2,0,0
BRDA:62,3,0,0
BRDA:62,4,0,0
BRDA:62,5,0,0
BRDA:62,6,0,1
BRDA:62,7,0,2
BRDA:62,8,0,2
BRDA:62,9,0,4
BRDA:62,10,0,11
BRDA:62,11,0,0
BRDA:62,12,0,4
BRDA:62,13,0,11
BRDA:62,14,0,10
BRDA:62,15,0,1
BRDA:62,16,0,14
BRDA:62,17,0,3
BRDA:62,18,0,11
BRDA:62,19,0,4
BRDA:62,20,0,11
BRDA:62,21,0,0
BRDA:62,22,0,12
BRDA:62,23,0,15
BRDA:62,24,0,15
BRDA:62,25,0,0
BRDA:62,26,0,32
BRDA:62,27,0,0
BRDA:62,28,0,0
BRDA:62,29,0,0
BRDA:62,30,0,0
BRDA:62,31,0,15
BRDA:62,32,0,15
BRDA:62,33,0,11
BRDA:62,34,0,0
BRDA:62,35,0,0
BRDA:62,36,0,6
BRDA:62,37,0,0
BRDA:62,38,0,5
BRDA:62,39,0,4
BRDA:62,40,0,2
BRDA:62,41,0,0
BRDA:62,42,0,2
BRDA:62,43,0,0
BRDA:62,44,0,0
BRDA:62,45,0,0
BRDA:62,46,0,17
BRDA:62,47,0,16
BRDA:62,48,0,1
BRDA:62,49,0,17
BRDA:62,50,0,4
BRDA:62,51,0,1
BRDA:62,52,0,3
BRDA:62,53,0,0
BRDA:62,54,0,1
BRDA:62,55,0,0
BRDA:29,56,0,1
BRDA:30,57,0,3
BRDA:38,58,0,4
BRDA:62,59,0,4
BRDA:62,60,0,17
BRDA:41,61,0,4
BRDA:62,62,0,4
BRDA:43,63,0,1
BRDA:45,64,0,3
BRDA:48,65,0,2
BRDA:48,66,0,1
BRDA:62,67,0,1
BRDA:52,68,0,3
BRDA:62,69,0,3
BRDA:62,70,0,3
BRF:71
BRH:51
end_of_record
